<?xml version="1.0" encoding="UTF-8"?>
<testsuite name="com.example.cashcard.CashCardApplicationTests" tests="16" skipped="0" failures="1" errors="0" timestamp="2024-09-16T23:11:04" hostname="DESKTOP-P7H5L95" time="18.745">
  <properties/>
  <testcase name="shouldReturnASortedPageOfCashCards()" classname="com.example.cashcard.CashCardApplicationTests" time="9.565"/>
  <testcase name="shouldNotAllowDeletionOfCashCardsTheyDoNotOwn()" classname="com.example.cashcard.CashCardApplicationTests" time="0.449">
    <failure message="org.opentest4j.AssertionFailedError: &#13;&#10;expected: 200 OK&#13;&#10; but was: 401 UNAUTHORIZED" type="org.opentest4j.AssertionFailedError">org.opentest4j.AssertionFailedError: 
expected: 200 OK
 but was: 401 UNAUTHORIZED
	at java.base@21.0.2/jdk.internal.reflect.DirectConstructorHandleAccessor.newInstance(DirectConstructorHandleAccessor.java:62)
	at java.base@21.0.2/java.lang.reflect.Constructor.newInstanceWithCaller(Constructor.java:502)
	at app//com.example.cashcard.CashCardApplicationTests.shouldNotAllowDeletionOfCashCardsTheyDoNotOwn(CashcardApplicationTest.java:239)
	at java.base@21.0.2/java.lang.reflect.Method.invoke(Method.java:580)
	at java.base@21.0.2/java.util.ArrayList.forEach(ArrayList.java:1596)
	at java.base@21.0.2/java.util.ArrayList.forEach(ArrayList.java:1596)
</failure>
  </testcase>
  <testcase name="shouldDeleteAnExistingCashCard()" classname="com.example.cashcard.CashCardApplicationTests" time="0.48"/>
  <testcase name="shouldNotAllowAccessToCashCardsTheyDoNotOwn()" classname="com.example.cashcard.CashCardApplicationTests" time="0.136"/>
  <testcase name="shouldNotUpdateACashCardThatIsOwnedBySomeoneElse()" classname="com.example.cashcard.CashCardApplicationTests" time="0.31"/>
  <testcase name="shouldReturnACashCardWhenDataIsSaved()" classname="com.example.cashcard.CashCardApplicationTests" time="0.075"/>
  <testcase name="shouldNotDeleteACashCardThatDoesNotExist()" classname="com.example.cashcard.CashCardApplicationTests" time="0.071"/>
  <testcase name="shouldCreateANewCashCard()" classname="com.example.cashcard.CashCardApplicationTests" time="0.404"/>
  <testcase name="shouldRejectUsersWhoAreNotCardOwners()" classname="com.example.cashcard.CashCardApplicationTests" time="0.127"/>
  <testcase name="shouldReturnAPageOfCashCards()" classname="com.example.cashcard.CashCardApplicationTests" time="0.073"/>
  <testcase name="shouldUpdateAnExistingCashCard()" classname="com.example.cashcard.CashCardApplicationTests" time="0.25"/>
  <testcase name="shouldNotUpdateACashCardThatDoesNotExist()" classname="com.example.cashcard.CashCardApplicationTests" time="0.137"/>
  <testcase name="shouldNotReturnACashCardWhenUsingBadCredentials()" classname="com.example.cashcard.CashCardApplicationTests" time="0.132"/>
  <testcase name="shouldReturnAllCashCardsWhenListIsRequested()" classname="com.example.cashcard.CashCardApplicationTests" time="0.203"/>
  <testcase name="shouldReturnASortedPageOfCashCardsWithNoParametersAndUseDefaultValues()" classname="com.example.cashcard.CashCardApplicationTests" time="0.076"/>
  <testcase name="shouldNotReturnACashCardWithAnUnknownId()" classname="com.example.cashcard.CashCardApplicationTests" time="0.087"/>
  <system-out><![CDATA[20:10:41.443 [Test worker] INFO org.springframework.test.context.support.AnnotationConfigContextLoaderUtils -- Could not detect default configuration classes for test class [com.example.cashcard.CashCardApplicationTests]: CashCardApplicationTests does not declare any static, non-private, non-final, nested classes annotated with @Configuration.
20:10:42.310 [Test worker] INFO org.springframework.boot.test.context.SpringBootTestContextBootstrapper -- Found @SpringBootConfiguration com.example.cashcard.CashcardApplication for test class com.example.cashcard.CashCardApplicationTests

  .   ____          _            __ _ _
 /\\ / ___'_ __ _ _(_)_ __  __ _ \ \ \ \
( ( )\___ | '_ | '_| | '_ \/ _` | \ \ \ \
 \\/  ___)| |_)| | | | | || (_| |  ) ) ) )
  '  |____| .__|_| |_|_| |_\__, | / / / /
 =========|_|==============|___/=/_/_/_/

 :: Spring Boot ::                (v3.3.3)

2024-09-16T20:10:46.051-03:00  INFO 38640 --- [cashcard] [    Test worker] c.e.cashcard.CashCardApplicationTests    : Starting CashCardApplicationTests using Java 21.0.2 with PID 38640 (started by TPuga in Z:\Tpuga\002 - Dev\SpringBootLearning\RESTApi_cashcard\cashcard)
2024-09-16T20:10:46.055-03:00  INFO 38640 --- [cashcard] [    Test worker] c.e.cashcard.CashCardApplicationTests    : No active profile set, falling back to 1 default profile: "default"
2024-09-16T20:10:50.392-03:00  INFO 38640 --- [cashcard] [    Test worker] .s.d.r.c.RepositoryConfigurationDelegate : Bootstrapping Spring Data JDBC repositories in DEFAULT mode.
2024-09-16T20:10:50.752-03:00  INFO 38640 --- [cashcard] [    Test worker] .s.d.r.c.RepositoryConfigurationDelegate : Finished Spring Data repository scanning in 328 ms. Found 1 JDBC repository interface.
2024-09-16T20:10:54.732-03:00  INFO 38640 --- [cashcard] [    Test worker] o.s.b.w.embedded.tomcat.TomcatWebServer  : Tomcat initialized with port 0 (http)
2024-09-16T20:10:54.857-03:00  INFO 38640 --- [cashcard] [    Test worker] o.apache.catalina.core.StandardService   : Starting service [Tomcat]
2024-09-16T20:10:54.858-03:00  INFO 38640 --- [cashcard] [    Test worker] o.apache.catalina.core.StandardEngine    : Starting Servlet engine: [Apache Tomcat/10.1.28]
2024-09-16T20:10:55.207-03:00  INFO 38640 --- [cashcard] [    Test worker] o.a.c.c.C.[Tomcat].[localhost].[/]       : Initializing Spring embedded WebApplicationContext
2024-09-16T20:10:55.208-03:00  INFO 38640 --- [cashcard] [    Test worker] w.s.c.ServletWebServerApplicationContext : Root WebApplicationContext: initialization completed in 9014 ms
2024-09-16T20:10:55.805-03:00  INFO 38640 --- [cashcard] [    Test worker] o.s.j.d.e.EmbeddedDatabaseFactory        : Starting embedded database: url='jdbc:h2:mem:9887afd3-16db-47e2-b8ac-78fbb5db58d2;DB_CLOSE_DELAY=-1;DB_CLOSE_ON_EXIT=false', username='sa'
2024-09-16T20:11:00.676-03:00  INFO 38640 --- [cashcard] [    Test worker] r$InitializeUserDetailsManagerConfigurer : Global AuthenticationManager configured with UserDetailsService bean with name testOnlyUsers
2024-09-16T20:11:04.184-03:00  INFO 38640 --- [cashcard] [    Test worker] o.s.b.w.embedded.tomcat.TomcatWebServer  : Tomcat started on port 54746 (http) with context path '/'
2024-09-16T20:11:04.190-03:00  INFO 38640 --- [cashcard] [    Test worker] c.e.cashcard.CashCardApplicationTests    : Started CashCardApplicationTests in 20.134 seconds (process running for 26.3)
2024-09-16T20:11:10.511-03:00  INFO 38640 --- [cashcard] [o-auto-1-exec-1] o.a.c.c.C.[Tomcat].[localhost].[/]       : Initializing Spring DispatcherServlet 'dispatcherServlet'
2024-09-16T20:11:10.511-03:00  INFO 38640 --- [cashcard] [o-auto-1-exec-1] o.s.web.servlet.DispatcherServlet        : Initializing Servlet 'dispatcherServlet'
2024-09-16T20:11:10.512-03:00  INFO 38640 --- [cashcard] [o-auto-1-exec-1] o.s.web.servlet.DispatcherServlet        : Completed initialization in 0 ms
2024-09-16T20:11:14.690-03:00  INFO 38640 --- [cashcard] [    Test worker] o.s.j.d.e.EmbeddedDatabaseFactory        : Shutting down embedded database: url='jdbc:h2:mem:9887afd3-16db-47e2-b8ac-78fbb5db58d2;DB_CLOSE_DELAY=-1;DB_CLOSE_ON_EXIT=false'

  .   ____          _            __ _ _
 /\\ / ___'_ __ _ _(_)_ __  __ _ \ \ \ \
( ( )\___ | '_ | '_| | '_ \/ _` | \ \ \ \
 \\/  ___)| |_)| | | | | || (_| |  ) ) ) )
  '  |____| .__|_| |_|_| |_\__, | / / / /
 =========|_|==============|___/=/_/_/_/

 :: Spring Boot ::                (v3.3.3)

2024-09-16T20:11:14.923-03:00  INFO 38640 --- [cashcard] [    Test worker] c.e.cashcard.CashCardApplicationTests    : Starting CashCardApplicationTests using Java 21.0.2 with PID 38640 (started by TPuga in Z:\Tpuga\002 - Dev\SpringBootLearning\RESTApi_cashcard\cashcard)
2024-09-16T20:11:14.923-03:00  INFO 38640 --- [cashcard] [    Test worker] c.e.cashcard.CashCardApplicationTests    : No active profile set, falling back to 1 default profile: "default"
2024-09-16T20:11:16.290-03:00  INFO 38640 --- [cashcard] [    Test worker] .s.d.r.c.RepositoryConfigurationDelegate : Bootstrapping Spring Data JDBC repositories in DEFAULT mode.
2024-09-16T20:11:16.316-03:00  INFO 38640 --- [cashcard] [    Test worker] .s.d.r.c.RepositoryConfigurationDelegate : Finished Spring Data repository scanning in 26 ms. Found 1 JDBC repository interface.
2024-09-16T20:11:16.454-03:00  INFO 38640 --- [cashcard] [    Test worker] o.s.b.w.embedded.tomcat.TomcatWebServer  : Tomcat initialized with port 0 (http)
2024-09-16T20:11:16.455-03:00  INFO 38640 --- [cashcard] [    Test worker] o.apache.catalina.core.StandardService   : Starting service [Tomcat]
2024-09-16T20:11:16.456-03:00  INFO 38640 --- [cashcard] [    Test worker] o.apache.catalina.core.StandardEngine    : Starting Servlet engine: [Apache Tomcat/10.1.28]
2024-09-16T20:11:16.496-03:00  INFO 38640 --- [cashcard] [    Test worker] o.a.c.c.C.[Tomcat].[localhost].[/]       : Initializing Spring embedded WebApplicationContext
2024-09-16T20:11:16.496-03:00  INFO 38640 --- [cashcard] [    Test worker] w.s.c.ServletWebServerApplicationContext : Root WebApplicationContext: initialization completed in 1565 ms
2024-09-16T20:11:16.526-03:00  INFO 38640 --- [cashcard] [    Test worker] o.s.j.d.e.EmbeddedDatabaseFactory        : Starting embedded database: url='jdbc:h2:mem:c7dccd79-7852-42ed-a5f1-217fa845adea;DB_CLOSE_DELAY=-1;DB_CLOSE_ON_EXIT=false', username='sa'
2024-09-16T20:11:16.721-03:00  INFO 38640 --- [cashcard] [    Test worker] r$InitializeUserDetailsManagerConfigurer : Global AuthenticationManager configured with UserDetailsService bean with name testOnlyUsers
2024-09-16T20:11:16.847-03:00  INFO 38640 --- [cashcard] [    Test worker] o.s.b.w.embedded.tomcat.TomcatWebServer  : Tomcat started on port 54749 (http) with context path '/'
2024-09-16T20:11:16.850-03:00  INFO 38640 --- [cashcard] [    Test worker] c.e.cashcard.CashCardApplicationTests    : Started CashCardApplicationTests in 2.12 seconds (process running for 38.96)
2024-09-16T20:11:16.858-03:00  INFO 38640 --- [cashcard] [o-auto-2-exec-1] o.a.c.c.C.[Tomcat].[localhost].[/]       : Initializing Spring DispatcherServlet 'dispatcherServlet'
2024-09-16T20:11:16.858-03:00  INFO 38640 --- [cashcard] [o-auto-2-exec-1] o.s.web.servlet.DispatcherServlet        : Initializing Servlet 'dispatcherServlet'
2024-09-16T20:11:16.859-03:00  INFO 38640 --- [cashcard] [o-auto-2-exec-1] o.s.web.servlet.DispatcherServlet        : Completed initialization in 1 ms
2024-09-16T20:11:17.845-03:00  INFO 38640 --- [cashcard] [    Test worker] o.s.j.d.e.EmbeddedDatabaseFactory        : Shutting down embedded database: url='jdbc:h2:mem:c7dccd79-7852-42ed-a5f1-217fa845adea;DB_CLOSE_DELAY=-1;DB_CLOSE_ON_EXIT=false'

  .   ____          _            __ _ _
 /\\ / ___'_ __ _ _(_)_ __  __ _ \ \ \ \
( ( )\___ | '_ | '_| | '_ \/ _` | \ \ \ \
 \\/  ___)| |_)| | | | | || (_| |  ) ) ) )
  '  |____| .__|_| |_|_| |_\__, | / / / /
 =========|_|==============|___/=/_/_/_/

 :: Spring Boot ::                (v3.3.3)

2024-09-16T20:11:18.038-03:00  INFO 38640 --- [cashcard] [    Test worker] c.e.cashcard.CashCardApplicationTests    : Starting CashCardApplicationTests using Java 21.0.2 with PID 38640 (started by TPuga in Z:\Tpuga\002 - Dev\SpringBootLearning\RESTApi_cashcard\cashcard)
2024-09-16T20:11:18.038-03:00  INFO 38640 --- [cashcard] [    Test worker] c.e.cashcard.CashCardApplicationTests    : No active profile set, falling back to 1 default profile: "default"
2024-09-16T20:11:19.383-03:00  INFO 38640 --- [cashcard] [    Test worker] .s.d.r.c.RepositoryConfigurationDelegate : Bootstrapping Spring Data JDBC repositories in DEFAULT mode.
2024-09-16T20:11:19.413-03:00  INFO 38640 --- [cashcard] [    Test worker] .s.d.r.c.RepositoryConfigurationDelegate : Finished Spring Data repository scanning in 29 ms. Found 1 JDBC repository interface.
2024-09-16T20:11:19.535-03:00  INFO 38640 --- [cashcard] [    Test worker] o.s.b.w.embedded.tomcat.TomcatWebServer  : Tomcat initialized with port 0 (http)
2024-09-16T20:11:19.535-03:00  INFO 38640 --- [cashcard] [    Test worker] o.apache.catalina.core.StandardService   : Starting service [Tomcat]
2024-09-16T20:11:19.536-03:00  INFO 38640 --- [cashcard] [    Test worker] o.apache.catalina.core.StandardEngine    : Starting Servlet engine: [Apache Tomcat/10.1.28]
2024-09-16T20:11:19.581-03:00  INFO 38640 --- [cashcard] [    Test worker] o.a.c.c.C.[Tomcat].[localhost].[/]       : Initializing Spring embedded WebApplicationContext
2024-09-16T20:11:19.581-03:00  INFO 38640 --- [cashcard] [    Test worker] w.s.c.ServletWebServerApplicationContext : Root WebApplicationContext: initialization completed in 1536 ms
2024-09-16T20:11:19.603-03:00  INFO 38640 --- [cashcard] [    Test worker] o.s.j.d.e.EmbeddedDatabaseFactory        : Starting embedded database: url='jdbc:h2:mem:f6828802-ffbd-4378-867c-671bdc4b7d65;DB_CLOSE_DELAY=-1;DB_CLOSE_ON_EXIT=false', username='sa'
2024-09-16T20:11:19.780-03:00  INFO 38640 --- [cashcard] [    Test worker] r$InitializeUserDetailsManagerConfigurer : Global AuthenticationManager configured with UserDetailsService bean with name testOnlyUsers
2024-09-16T20:11:19.877-03:00  INFO 38640 --- [cashcard] [    Test worker] o.s.b.w.embedded.tomcat.TomcatWebServer  : Tomcat started on port 54752 (http) with context path '/'
2024-09-16T20:11:19.881-03:00  INFO 38640 --- [cashcard] [    Test worker] c.e.cashcard.CashCardApplicationTests    : Started CashCardApplicationTests in 2.02 seconds (process running for 41.99)
2024-09-16T20:11:19.887-03:00  INFO 38640 --- [cashcard] [o-auto-3-exec-1] o.a.c.c.C.[Tomcat].[localhost].[/]       : Initializing Spring DispatcherServlet 'dispatcherServlet'
2024-09-16T20:11:19.887-03:00  INFO 38640 --- [cashcard] [o-auto-3-exec-1] o.s.web.servlet.DispatcherServlet        : Initializing Servlet 'dispatcherServlet'
2024-09-16T20:11:19.888-03:00  INFO 38640 --- [cashcard] [o-auto-3-exec-1] o.s.web.servlet.DispatcherServlet        : Completed initialization in 1 ms
2024-09-16T20:11:20.328-03:00  INFO 38640 --- [cashcard] [    Test worker] o.s.j.d.e.EmbeddedDatabaseFactory        : Shutting down embedded database: url='jdbc:h2:mem:f6828802-ffbd-4378-867c-671bdc4b7d65;DB_CLOSE_DELAY=-1;DB_CLOSE_ON_EXIT=false'

  .   ____          _            __ _ _
 /\\ / ___'_ __ _ _(_)_ __  __ _ \ \ \ \
( ( )\___ | '_ | '_| | '_ \/ _` | \ \ \ \
 \\/  ___)| |_)| | | | | || (_| |  ) ) ) )
  '  |____| .__|_| |_|_| |_\__, | / / / /
 =========|_|==============|___/=/_/_/_/

 :: Spring Boot ::                (v3.3.3)

2024-09-16T20:11:20.547-03:00  INFO 38640 --- [cashcard] [    Test worker] c.e.cashcard.CashCardApplicationTests    : Starting CashCardApplicationTests using Java 21.0.2 with PID 38640 (started by TPuga in Z:\Tpuga\002 - Dev\SpringBootLearning\RESTApi_cashcard\cashcard)
2024-09-16T20:11:20.547-03:00  INFO 38640 --- [cashcard] [    Test worker] c.e.cashcard.CashCardApplicationTests    : No active profile set, falling back to 1 default profile: "default"
2024-09-16T20:11:21.845-03:00  INFO 38640 --- [cashcard] [    Test worker] .s.d.r.c.RepositoryConfigurationDelegate : Bootstrapping Spring Data JDBC repositories in DEFAULT mode.
2024-09-16T20:11:21.869-03:00  INFO 38640 --- [cashcard] [    Test worker] .s.d.r.c.RepositoryConfigurationDelegate : Finished Spring Data repository scanning in 23 ms. Found 1 JDBC repository interface.
2024-09-16T20:11:21.993-03:00  INFO 38640 --- [cashcard] [    Test worker] o.s.b.w.embedded.tomcat.TomcatWebServer  : Tomcat initialized with port 0 (http)
2024-09-16T20:11:21.995-03:00  INFO 38640 --- [cashcard] [    Test worker] o.apache.catalina.core.StandardService   : Starting service [Tomcat]
2024-09-16T20:11:21.995-03:00  INFO 38640 --- [cashcard] [    Test worker] o.apache.catalina.core.StandardEngine    : Starting Servlet engine: [Apache Tomcat/10.1.28]
2024-09-16T20:11:22.033-03:00  INFO 38640 --- [cashcard] [    Test worker] o.a.c.c.C.[Tomcat].[localhost].[/]       : Initializing Spring embedded WebApplicationContext
2024-09-16T20:11:22.033-03:00  INFO 38640 --- [cashcard] [    Test worker] w.s.c.ServletWebServerApplicationContext : Root WebApplicationContext: initialization completed in 1480 ms
2024-09-16T20:11:22.055-03:00  INFO 38640 --- [cashcard] [    Test worker] o.s.j.d.e.EmbeddedDatabaseFactory        : Starting embedded database: url='jdbc:h2:mem:b6752ad3-3309-4e42-924c-4b7854b34ab1;DB_CLOSE_DELAY=-1;DB_CLOSE_ON_EXIT=false', username='sa'
2024-09-16T20:11:22.226-03:00  INFO 38640 --- [cashcard] [    Test worker] r$InitializeUserDetailsManagerConfigurer : Global AuthenticationManager configured with UserDetailsService bean with name testOnlyUsers
2024-09-16T20:11:22.325-03:00  INFO 38640 --- [cashcard] [    Test worker] o.s.b.w.embedded.tomcat.TomcatWebServer  : Tomcat started on port 54755 (http) with context path '/'
2024-09-16T20:11:22.329-03:00  INFO 38640 --- [cashcard] [    Test worker] c.e.cashcard.CashCardApplicationTests    : Started CashCardApplicationTests in 1.986 seconds (process running for 44.438)
2024-09-16T20:11:22.335-03:00  INFO 38640 --- [cashcard] [o-auto-4-exec-1] o.a.c.c.C.[Tomcat].[localhost].[/]       : Initializing Spring DispatcherServlet 'dispatcherServlet'
2024-09-16T20:11:22.335-03:00  INFO 38640 --- [cashcard] [o-auto-4-exec-1] o.s.web.servlet.DispatcherServlet        : Initializing Servlet 'dispatcherServlet'
2024-09-16T20:11:22.337-03:00  INFO 38640 --- [cashcard] [o-auto-4-exec-1] o.s.web.servlet.DispatcherServlet        : Completed initialization in 2 ms
]]></system-out>
  <system-err><![CDATA[WARNING: A Java agent has been loaded dynamically (C:\Users\TPuga\.gradle\caches\modules-2\files-2.1\net.bytebuddy\byte-buddy-agent\1.14.19\154da3a65b4f4a909d3e5bdec55d1b2b4cbb6ce1\byte-buddy-agent-1.14.19.jar)
WARNING: If a serviceability tool is in use, please run with -XX:+EnableDynamicAgentLoading to hide this warning
WARNING: If a serviceability tool is not in use, please run with -Djdk.instrument.traceUsage for more information
WARNING: Dynamic loading of agents will be disallowed by default in a future release
]]></system-err>
</testsuite>
